<?xml version="1.0" encoding="UTF-8"?>
<!-- Generated by org.testng.reporters.JUnitReportReporter -->
<testsuite hostname="GBSBHL1203-PC" failures="0" tests="1" name="com.empmonitor.testcases.LoginTestCase" time="7.427" errors="0" timestamp="2023-06-28T04:52:07 IST" skipped="0">
  <testcase classname="com.empmonitor.testcases.LoginTestCase" name="verifyTheLogin" time="7.427"/>
  <system-out/>
</testsuite> <!-- com.empmonitor.testcases.LoginTestCase -->
